2022-11-03 19:14:25.599+0000 WARN  Use of deprecated setting 'dbms.memory.pagecache.size'. It is replaced by 'server.memory.pagecache.size'.
2022-11-03 19:14:25.602+0000 WARN  Use of deprecated setting 'dbms.memory.heap.max_size'. It is replaced by 'server.memory.heap.max_size'.
2022-11-03 19:14:25.605+0000 INFO  Starting...
2022-11-03 19:14:25.930+0000 INFO  This instance is ServerId{dddcbeb4} (dddcbeb4-5893-439d-931d-4780882d0809)
2022-11-03 19:14:26.679+0000 INFO  ======== Neo4j 5.1.0 ========
2022-11-03 19:14:29.288+0000 INFO  Bolt enabled on 0.0.0.0:7687.
2022-11-03 19:14:29.778+0000 INFO  Remote interface available at http://localhost:7474/
2022-11-03 19:14:29.793+0000 INFO  id: 5CBF333570F8B846ECCB9F302EF0F034073E8DF29A560AC865D3FDEADB64D53E
2022-11-03 19:14:29.794+0000 INFO  name: system
2022-11-03 19:14:29.795+0000 INFO  creationDate: 2022-11-03T19:14:27.486Z
2022-11-03 19:14:29.796+0000 INFO  Started.
2022-11-05 21:18:15.122+0000 WARN  Use of deprecated setting 'dbms.memory.pagecache.size'. It is replaced by 'server.memory.pagecache.size'.
2022-11-05 21:18:15.126+0000 WARN  Use of deprecated setting 'dbms.memory.heap.max_size'. It is replaced by 'server.memory.heap.max_size'.
2022-11-05 21:18:15.130+0000 INFO  Starting...
2022-11-05 21:18:15.517+0000 INFO  This instance is ServerId{dddcbeb4} (dddcbeb4-5893-439d-931d-4780882d0809)
2022-11-05 21:18:16.210+0000 INFO  ======== Neo4j 5.1.0 ========
2022-11-05 21:18:20.479+0000 INFO  Bolt enabled on 0.0.0.0:7687.
2022-11-05 21:18:21.092+0000 INFO  Remote interface available at http://localhost:7474/
2022-11-05 21:18:21.096+0000 INFO  id: 5CBF333570F8B846ECCB9F302EF0F034073E8DF29A560AC865D3FDEADB64D53E
2022-11-05 21:18:21.096+0000 INFO  name: system
2022-11-05 21:18:21.097+0000 INFO  creationDate: 2022-11-03T19:14:27.486Z
2022-11-05 21:18:21.098+0000 INFO  Started.
2022-11-06 03:05:48.369+0000 INFO  Neo4j Server shutdown initiated by request
2022-11-06 03:05:48.396+0000 INFO  Stopping...
2022-11-06 03:05:51.513+0000 INFO  Stopped.
2022-11-06 03:48:12.620+0000 WARN  Use of deprecated setting 'dbms.memory.pagecache.size'. It is replaced by 'server.memory.pagecache.size'.
2022-11-06 03:48:12.623+0000 WARN  Use of deprecated setting 'dbms.memory.heap.max_size'. It is replaced by 'server.memory.heap.max_size'.
2022-11-06 03:48:12.626+0000 INFO  Starting...
2022-11-06 03:48:13.027+0000 INFO  This instance is ServerId{dddcbeb4} (dddcbeb4-5893-439d-931d-4780882d0809)
2022-11-06 03:48:13.732+0000 INFO  ======== Neo4j 5.1.0 ========
2022-11-06 03:48:15.776+0000 INFO  Bolt enabled on 0.0.0.0:7687.
2022-11-06 03:48:16.327+0000 INFO  Remote interface available at http://localhost:7474/
2022-11-06 03:48:16.331+0000 INFO  id: 5CBF333570F8B846ECCB9F302EF0F034073E8DF29A560AC865D3FDEADB64D53E
2022-11-06 03:48:16.332+0000 INFO  name: system
2022-11-06 03:48:16.334+0000 INFO  creationDate: 2022-11-03T19:14:27.486Z
2022-11-06 03:48:16.335+0000 INFO  Started.
2022-11-07 21:51:11.802+0000 WARN  Use of deprecated setting 'dbms.memory.pagecache.size'. It is replaced by 'server.memory.pagecache.size'.
2022-11-07 21:51:11.810+0000 WARN  Use of deprecated setting 'dbms.memory.heap.max_size'. It is replaced by 'server.memory.heap.max_size'.
2022-11-07 21:51:11.815+0000 INFO  Starting...
2022-11-07 21:51:12.561+0000 INFO  This instance is ServerId{dddcbeb4} (dddcbeb4-5893-439d-931d-4780882d0809)
2022-11-07 21:51:13.916+0000 INFO  ======== Neo4j 5.1.0 ========
2022-11-07 21:51:17.681+0000 INFO  Bolt enabled on 0.0.0.0:7687.
2022-11-07 21:51:18.666+0000 INFO  Remote interface available at http://localhost:7474/
2022-11-07 21:51:18.671+0000 INFO  id: 5CBF333570F8B846ECCB9F302EF0F034073E8DF29A560AC865D3FDEADB64D53E
2022-11-07 21:51:18.673+0000 INFO  name: system
2022-11-07 21:51:18.674+0000 INFO  creationDate: 2022-11-03T19:14:27.486Z
2022-11-07 21:51:18.675+0000 INFO  Started.
2022-11-08 00:14:33.847+0000 INFO  Neo4j Server shutdown initiated by request
2022-11-08 00:14:33.927+0000 INFO  Stopping...
2022-11-08 00:22:04.631+0000 WARN  Use of deprecated setting 'dbms.memory.pagecache.size'. It is replaced by 'server.memory.pagecache.size'.
2022-11-08 00:22:04.637+0000 WARN  Use of deprecated setting 'dbms.memory.heap.max_size'. It is replaced by 'server.memory.heap.max_size'.
2022-11-08 00:22:04.642+0000 INFO  Starting...
2022-11-08 00:22:05.263+0000 INFO  This instance is ServerId{dddcbeb4} (dddcbeb4-5893-439d-931d-4780882d0809)
2022-11-08 00:22:06.642+0000 INFO  ======== Neo4j 5.1.0 ========
2022-11-08 00:22:11.165+0000 INFO  Bolt enabled on 0.0.0.0:7687.
2022-11-08 00:22:12.369+0000 INFO  Remote interface available at http://localhost:7474/
2022-11-08 00:22:12.374+0000 INFO  id: 5CBF333570F8B846ECCB9F302EF0F034073E8DF29A560AC865D3FDEADB64D53E
2022-11-08 00:22:12.376+0000 INFO  name: system
2022-11-08 00:22:12.376+0000 INFO  creationDate: 2022-11-03T19:14:27.486Z
2022-11-08 00:22:12.377+0000 INFO  Started.
2022-11-08 01:02:46.890+0000 INFO  Neo4j Server shutdown initiated by request
2022-11-08 01:02:46.909+0000 INFO  Stopping...
2022-11-08 01:02:50.010+0000 INFO  Stopped.
2022-11-08 01:06:54.148+0000 WARN  Use of deprecated setting 'dbms.memory.pagecache.size'. It is replaced by 'server.memory.pagecache.size'.
2022-11-08 01:06:54.159+0000 WARN  Use of deprecated setting 'dbms.memory.heap.max_size'. It is replaced by 'server.memory.heap.max_size'.
2022-11-08 01:06:54.167+0000 INFO  Starting...
2022-11-08 01:06:55.309+0000 INFO  This instance is ServerId{dddcbeb4} (dddcbeb4-5893-439d-931d-4780882d0809)
2022-11-08 01:06:57.856+0000 INFO  ======== Neo4j 5.1.0 ========
2022-11-08 01:07:02.379+0000 INFO  Bolt enabled on 0.0.0.0:7687.
2022-11-08 01:07:03.487+0000 INFO  Remote interface available at http://localhost:7474/
2022-11-08 01:07:03.493+0000 INFO  id: 5CBF333570F8B846ECCB9F302EF0F034073E8DF29A560AC865D3FDEADB64D53E
2022-11-08 01:07:03.495+0000 INFO  name: system
2022-11-08 01:07:03.496+0000 INFO  creationDate: 2022-11-03T19:14:27.486Z
2022-11-08 01:07:03.498+0000 INFO  Started.
2022-11-08 01:32:39.101+0000 WARN  Use of deprecated setting 'dbms.memory.pagecache.size'. It is replaced by 'server.memory.pagecache.size'.
2022-11-08 01:32:39.112+0000 WARN  Use of deprecated setting 'dbms.memory.heap.max_size'. It is replaced by 'server.memory.heap.max_size'.
2022-11-08 01:32:39.118+0000 INFO  Starting...
2022-11-08 01:32:39.809+0000 INFO  This instance is ServerId{dddcbeb4} (dddcbeb4-5893-439d-931d-4780882d0809)
2022-11-08 01:32:40.991+0000 INFO  ======== Neo4j 5.1.0 ========
2022-11-08 01:32:44.480+0000 INFO  Bolt enabled on 0.0.0.0:7687.
2022-11-08 01:32:45.626+0000 INFO  Remote interface available at http://localhost:7474/
2022-11-08 01:32:45.634+0000 INFO  id: 5CBF333570F8B846ECCB9F302EF0F034073E8DF29A560AC865D3FDEADB64D53E
2022-11-08 01:32:45.637+0000 INFO  name: system
2022-11-08 01:32:45.640+0000 INFO  creationDate: 2022-11-03T19:14:27.486Z
2022-11-08 01:32:45.642+0000 INFO  Started.
2022-11-08 01:48:55.185+0000 WARN  Use of deprecated setting 'dbms.memory.pagecache.size'. It is replaced by 'server.memory.pagecache.size'.
2022-11-08 01:48:55.196+0000 WARN  Use of deprecated setting 'dbms.memory.heap.max_size'. It is replaced by 'server.memory.heap.max_size'.
2022-11-08 01:48:55.205+0000 INFO  Starting...
2022-11-08 01:48:55.859+0000 INFO  This instance is ServerId{dddcbeb4} (dddcbeb4-5893-439d-931d-4780882d0809)
2022-11-08 01:48:56.905+0000 INFO  ======== Neo4j 5.1.0 ========
2022-11-08 01:49:01.072+0000 INFO  Bolt enabled on 0.0.0.0:7687.
2022-11-08 01:49:02.058+0000 INFO  Remote interface available at http://localhost:7474/
2022-11-08 01:49:02.065+0000 INFO  id: 5CBF333570F8B846ECCB9F302EF0F034073E8DF29A560AC865D3FDEADB64D53E
2022-11-08 01:49:02.067+0000 INFO  name: system
2022-11-08 01:49:02.069+0000 INFO  creationDate: 2022-11-03T19:14:27.486Z
2022-11-08 01:49:02.086+0000 INFO  Started.
2022-11-08 01:54:48.727+0000 WARN  Use of deprecated setting 'dbms.memory.pagecache.size'. It is replaced by 'server.memory.pagecache.size'.
2022-11-08 01:54:48.736+0000 WARN  Use of deprecated setting 'dbms.memory.heap.max_size'. It is replaced by 'server.memory.heap.max_size'.
2022-11-08 01:54:48.744+0000 INFO  Starting...
2022-11-08 01:54:49.452+0000 INFO  This instance is ServerId{dddcbeb4} (dddcbeb4-5893-439d-931d-4780882d0809)
2022-11-08 01:54:51.044+0000 INFO  ======== Neo4j 5.1.0 ========
2022-11-08 01:54:54.848+0000 INFO  Bolt enabled on 0.0.0.0:7687.
2022-11-08 01:54:55.683+0000 INFO  Remote interface available at http://localhost:7474/
2022-11-08 01:54:55.690+0000 INFO  id: 5CBF333570F8B846ECCB9F302EF0F034073E8DF29A560AC865D3FDEADB64D53E
2022-11-08 01:54:55.691+0000 INFO  name: system
2022-11-08 01:54:55.693+0000 INFO  creationDate: 2022-11-03T19:14:27.486Z
2022-11-08 01:54:55.696+0000 INFO  Started.
2022-11-08 04:24:32.853+0000 WARN  Use of deprecated setting 'dbms.memory.pagecache.size'. It is replaced by 'server.memory.pagecache.size'.
2022-11-08 04:24:32.872+0000 WARN  Use of deprecated setting 'dbms.memory.heap.max_size'. It is replaced by 'server.memory.heap.max_size'.
2022-11-08 04:24:32.890+0000 INFO  Starting...
2022-11-08 04:24:34.167+0000 INFO  This instance is ServerId{dddcbeb4} (dddcbeb4-5893-439d-931d-4780882d0809)
2022-11-08 04:24:36.465+0000 INFO  ======== Neo4j 5.1.0 ========
2022-11-08 04:24:43.606+0000 INFO  Bolt enabled on 0.0.0.0:7687.
2022-11-08 04:24:47.004+0000 INFO  Remote interface available at http://localhost:7474/
2022-11-08 04:24:47.024+0000 INFO  id: 5CBF333570F8B846ECCB9F302EF0F034073E8DF29A560AC865D3FDEADB64D53E
2022-11-08 04:24:47.027+0000 INFO  name: system
2022-11-08 04:24:47.029+0000 INFO  creationDate: 2022-11-03T19:14:27.486Z
2022-11-08 04:24:47.031+0000 INFO  Started.
2022-11-08 05:36:03.670+0000 WARN  Use of deprecated setting 'dbms.memory.pagecache.size'. It is replaced by 'server.memory.pagecache.size'.
2022-11-08 05:36:03.678+0000 WARN  Use of deprecated setting 'dbms.memory.heap.max_size'. It is replaced by 'server.memory.heap.max_size'.
2022-11-08 05:36:03.685+0000 INFO  Starting...
2022-11-08 05:36:04.553+0000 INFO  This instance is ServerId{dddcbeb4} (dddcbeb4-5893-439d-931d-4780882d0809)
2022-11-08 05:36:06.189+0000 INFO  ======== Neo4j 5.1.0 ========
2022-11-08 05:36:11.235+0000 INFO  Bolt enabled on 0.0.0.0:7687.
2022-11-08 05:36:12.753+0000 INFO  Remote interface available at http://localhost:7474/
2022-11-08 05:36:12.762+0000 INFO  id: 5CBF333570F8B846ECCB9F302EF0F034073E8DF29A560AC865D3FDEADB64D53E
2022-11-08 05:36:12.764+0000 INFO  name: system
2022-11-08 05:36:12.766+0000 INFO  creationDate: 2022-11-03T19:14:27.486Z
2022-11-08 05:36:12.767+0000 INFO  Started.
2022-11-09 02:15:53.944+0000 WARN  Use of deprecated setting 'dbms.memory.pagecache.size'. It is replaced by 'server.memory.pagecache.size'.
2022-11-09 02:15:53.984+0000 WARN  Use of deprecated setting 'dbms.memory.heap.max_size'. It is replaced by 'server.memory.heap.max_size'.
2022-11-09 02:15:54.036+0000 INFO  Starting...
2022-11-09 02:15:56.569+0000 INFO  This instance is ServerId{dddcbeb4} (dddcbeb4-5893-439d-931d-4780882d0809)
2022-11-09 02:16:02.201+0000 INFO  ======== Neo4j 5.1.0 ========
2022-11-09 02:16:06.346+0000 INFO  Bolt enabled on 0.0.0.0:7687.
2022-11-09 02:16:07.554+0000 INFO  Remote interface available at http://localhost:7474/
2022-11-09 02:16:07.560+0000 INFO  id: 5CBF333570F8B846ECCB9F302EF0F034073E8DF29A560AC865D3FDEADB64D53E
2022-11-09 02:16:07.561+0000 INFO  name: system
2022-11-09 02:16:07.562+0000 INFO  creationDate: 2022-11-03T19:14:27.486Z
2022-11-09 02:16:07.563+0000 INFO  Started.
2022-11-09 02:24:10.506+0000 INFO  Neo4j Server shutdown initiated by request
2022-11-09 02:24:10.508+0000 INFO  Stopping...
2022-11-09 02:24:13.058+0000 INFO  Stopped.
2022-11-09 03:50:22.465+0000 WARN  Use of deprecated setting 'dbms.memory.pagecache.size'. It is replaced by 'server.memory.pagecache.size'.
2022-11-09 03:50:22.469+0000 WARN  Use of deprecated setting 'dbms.memory.heap.max_size'. It is replaced by 'server.memory.heap.max_size'.
2022-11-09 03:50:22.471+0000 INFO  Starting...
2022-11-09 03:50:22.829+0000 INFO  This instance is ServerId{dddcbeb4} (dddcbeb4-5893-439d-931d-4780882d0809)
2022-11-09 03:50:23.353+0000 INFO  ======== Neo4j 5.1.0 ========
2022-11-09 03:50:26.181+0000 INFO  Bolt enabled on 0.0.0.0:7687.
2022-11-09 03:50:26.719+0000 INFO  Remote interface available at http://localhost:7474/
2022-11-09 03:50:26.723+0000 INFO  id: 5CBF333570F8B846ECCB9F302EF0F034073E8DF29A560AC865D3FDEADB64D53E
2022-11-09 03:50:26.724+0000 INFO  name: system
2022-11-09 03:50:26.725+0000 INFO  creationDate: 2022-11-03T19:14:27.486Z
2022-11-09 03:50:26.726+0000 INFO  Started.
2022-11-09 03:51:42.172+0000 INFO  Neo4j Server shutdown initiated by request
2022-11-09 03:51:42.173+0000 INFO  Stopping...
2022-11-09 03:51:45.144+0000 INFO  Stopped.
2022-11-09 03:52:18.178+0000 WARN  Use of deprecated setting 'dbms.memory.pagecache.size'. It is replaced by 'server.memory.pagecache.size'.
2022-11-09 03:52:18.181+0000 WARN  Use of deprecated setting 'dbms.memory.heap.max_size'. It is replaced by 'server.memory.heap.max_size'.
2022-11-09 03:52:18.183+0000 INFO  Starting...
2022-11-09 03:52:18.519+0000 INFO  This instance is ServerId{dddcbeb4} (dddcbeb4-5893-439d-931d-4780882d0809)
2022-11-09 03:52:19.062+0000 INFO  ======== Neo4j 5.1.0 ========
2022-11-09 03:52:20.962+0000 INFO  Bolt enabled on 0.0.0.0:7687.
2022-11-09 03:52:21.468+0000 INFO  Remote interface available at http://localhost:7474/
2022-11-09 03:52:21.472+0000 INFO  id: 5CBF333570F8B846ECCB9F302EF0F034073E8DF29A560AC865D3FDEADB64D53E
2022-11-09 03:52:21.473+0000 INFO  name: system
2022-11-09 03:52:21.475+0000 INFO  creationDate: 2022-11-03T19:14:27.486Z
2022-11-09 03:52:21.475+0000 INFO  Started.
2022-11-09 03:55:13.441+0000 INFO  Neo4j Server shutdown initiated by request
2022-11-09 03:55:13.442+0000 INFO  Stopping...
2022-11-09 03:55:16.340+0000 INFO  Stopped.
2022-11-09 03:57:18.344+0000 WARN  Use of deprecated setting 'dbms.memory.pagecache.size'. It is replaced by 'server.memory.pagecache.size'.
2022-11-09 03:57:18.348+0000 WARN  Use of deprecated setting 'dbms.memory.heap.max_size'. It is replaced by 'server.memory.heap.max_size'.
2022-11-09 03:57:18.350+0000 INFO  Starting...
2022-11-09 03:57:18.676+0000 INFO  This instance is ServerId{dddcbeb4} (dddcbeb4-5893-439d-931d-4780882d0809)
2022-11-09 03:57:19.271+0000 INFO  ======== Neo4j 5.1.0 ========
2022-11-09 03:57:21.274+0000 INFO  Bolt enabled on 0.0.0.0:7687.
2022-11-09 03:57:21.790+0000 INFO  Remote interface available at http://localhost:7474/
2022-11-09 03:57:21.796+0000 INFO  id: 5CBF333570F8B846ECCB9F302EF0F034073E8DF29A560AC865D3FDEADB64D53E
2022-11-09 03:57:21.798+0000 INFO  name: system
2022-11-09 03:57:21.799+0000 INFO  creationDate: 2022-11-03T19:14:27.486Z
2022-11-09 03:57:21.800+0000 INFO  Started.
2022-11-09 03:59:22.386+0000 INFO  Neo4j Server shutdown initiated by request
2022-11-09 03:59:22.387+0000 INFO  Stopping...
2022-11-09 03:59:25.299+0000 INFO  Stopped.
2022-11-09 03:59:46.842+0000 WARN  Use of deprecated setting 'dbms.memory.pagecache.size'. It is replaced by 'server.memory.pagecache.size'.
2022-11-09 03:59:46.845+0000 WARN  Use of deprecated setting 'dbms.memory.heap.max_size'. It is replaced by 'server.memory.heap.max_size'.
2022-11-09 03:59:46.847+0000 INFO  Starting...
2022-11-09 03:59:47.167+0000 INFO  This instance is ServerId{dddcbeb4} (dddcbeb4-5893-439d-931d-4780882d0809)
2022-11-09 03:59:47.696+0000 INFO  ======== Neo4j 5.1.0 ========
2022-11-09 03:59:49.611+0000 INFO  Bolt enabled on 0.0.0.0:7687.
2022-11-09 03:59:50.100+0000 INFO  Remote interface available at http://localhost:7474/
2022-11-09 03:59:50.103+0000 INFO  id: 5CBF333570F8B846ECCB9F302EF0F034073E8DF29A560AC865D3FDEADB64D53E
2022-11-09 03:59:50.105+0000 INFO  name: system
2022-11-09 03:59:50.106+0000 INFO  creationDate: 2022-11-03T19:14:27.486Z
2022-11-09 03:59:50.107+0000 INFO  Started.
2022-11-09 04:02:15.715+0000 INFO  Neo4j Server shutdown initiated by request
2022-11-09 04:02:15.717+0000 INFO  Stopping...
2022-11-09 04:02:18.686+0000 INFO  Stopped.
2022-11-09 04:05:11.928+0000 WARN  Use of deprecated setting 'dbms.memory.pagecache.size'. It is replaced by 'server.memory.pagecache.size'.
2022-11-09 04:05:11.931+0000 WARN  Use of deprecated setting 'dbms.memory.heap.max_size'. It is replaced by 'server.memory.heap.max_size'.
2022-11-09 04:05:11.933+0000 INFO  Starting...
2022-11-09 04:05:12.250+0000 INFO  This instance is ServerId{dddcbeb4} (dddcbeb4-5893-439d-931d-4780882d0809)
2022-11-09 04:05:12.807+0000 INFO  ======== Neo4j 5.1.0 ========
2022-11-09 04:05:14.698+0000 INFO  Bolt enabled on 0.0.0.0:7687.
2022-11-09 04:05:15.184+0000 INFO  Remote interface available at http://localhost:7474/
2022-11-09 04:05:15.188+0000 INFO  id: 5CBF333570F8B846ECCB9F302EF0F034073E8DF29A560AC865D3FDEADB64D53E
2022-11-09 04:05:15.189+0000 INFO  name: system
2022-11-09 04:05:15.190+0000 INFO  creationDate: 2022-11-03T19:14:27.486Z
2022-11-09 04:05:15.190+0000 INFO  Started.
2022-11-09 04:06:23.603+0000 INFO  Neo4j Server shutdown initiated by request
2022-11-09 04:06:23.604+0000 INFO  Stopping...
2022-11-09 04:06:26.658+0000 INFO  Stopped.
2022-11-09 04:06:34.199+0000 WARN  Use of deprecated setting 'dbms.memory.pagecache.size'. It is replaced by 'server.memory.pagecache.size'.
2022-11-09 04:06:34.203+0000 WARN  Use of deprecated setting 'dbms.memory.heap.max_size'. It is replaced by 'server.memory.heap.max_size'.
2022-11-09 04:06:34.204+0000 INFO  Starting...
2022-11-09 04:06:34.499+0000 INFO  This instance is ServerId{dddcbeb4} (dddcbeb4-5893-439d-931d-4780882d0809)
2022-11-09 04:06:35.027+0000 INFO  ======== Neo4j 5.1.0 ========
2022-11-09 04:06:36.954+0000 INFO  Bolt enabled on 0.0.0.0:7687.
2022-11-09 04:06:37.450+0000 INFO  Remote interface available at http://localhost:7474/
2022-11-09 04:06:37.454+0000 INFO  id: 5CBF333570F8B846ECCB9F302EF0F034073E8DF29A560AC865D3FDEADB64D53E
2022-11-09 04:06:37.455+0000 INFO  name: system
2022-11-09 04:06:37.457+0000 INFO  creationDate: 2022-11-03T19:14:27.486Z
2022-11-09 04:06:37.458+0000 INFO  Started.
2022-11-09 04:06:48.366+0000 WARN  The client is unauthorized due to authentication failure.
2022-11-09 04:06:48.427+0000 WARN  The client is unauthorized due to authentication failure.
2022-11-09 04:11:50.578+0000 INFO  Neo4j Server shutdown initiated by request
2022-11-09 04:11:50.580+0000 INFO  Stopping...
2022-11-09 04:11:53.525+0000 INFO  Stopped.
2022-11-09 04:15:04.531+0000 WARN  Use of deprecated setting 'dbms.memory.pagecache.size'. It is replaced by 'server.memory.pagecache.size'.
2022-11-09 04:15:04.534+0000 WARN  Use of deprecated setting 'dbms.memory.heap.max_size'. It is replaced by 'server.memory.heap.max_size'.
2022-11-09 04:15:04.536+0000 INFO  Starting...
2022-11-09 04:15:04.851+0000 INFO  This instance is ServerId{dddcbeb4} (dddcbeb4-5893-439d-931d-4780882d0809)
2022-11-09 04:15:05.369+0000 INFO  ======== Neo4j 5.1.0 ========
2022-11-09 04:15:07.422+0000 INFO  Bolt enabled on 0.0.0.0:7687.
2022-11-09 04:15:07.905+0000 INFO  Remote interface available at http://localhost:7474/
2022-11-09 04:15:07.909+0000 INFO  id: 5CBF333570F8B846ECCB9F302EF0F034073E8DF29A560AC865D3FDEADB64D53E
2022-11-09 04:15:07.910+0000 INFO  name: system
2022-11-09 04:15:07.912+0000 INFO  creationDate: 2022-11-03T19:14:27.486Z
2022-11-09 04:15:07.913+0000 INFO  Started.
2022-11-09 04:18:12.252+0000 INFO  Neo4j Server shutdown initiated by request
2022-11-09 04:18:12.253+0000 INFO  Stopping...
2022-11-09 04:18:15.172+0000 INFO  Stopped.
2022-11-09 04:41:32.669+0000 WARN  Use of deprecated setting 'dbms.memory.pagecache.size'. It is replaced by 'server.memory.pagecache.size'.
2022-11-09 04:41:32.673+0000 WARN  Use of deprecated setting 'dbms.memory.heap.max_size'. It is replaced by 'server.memory.heap.max_size'.
2022-11-09 04:41:32.675+0000 INFO  Starting...
2022-11-09 04:41:32.981+0000 INFO  This instance is ServerId{dddcbeb4} (dddcbeb4-5893-439d-931d-4780882d0809)
2022-11-09 04:41:33.498+0000 INFO  ======== Neo4j 5.1.0 ========
2022-11-09 04:41:35.337+0000 INFO  Bolt enabled on 0.0.0.0:7687.
2022-11-09 04:41:35.828+0000 INFO  Remote interface available at http://localhost:7474/
2022-11-09 04:41:35.832+0000 INFO  id: 5CBF333570F8B846ECCB9F302EF0F034073E8DF29A560AC865D3FDEADB64D53E
2022-11-09 04:41:35.833+0000 INFO  name: system
2022-11-09 04:41:35.834+0000 INFO  creationDate: 2022-11-03T19:14:27.486Z
2022-11-09 04:41:35.835+0000 INFO  Started.
2022-11-09 04:43:28.279+0000 INFO  Neo4j Server shutdown initiated by request
2022-11-09 04:43:28.280+0000 INFO  Stopping...
2022-11-09 04:43:31.261+0000 INFO  Stopped.
2022-11-09 04:51:28.521+0000 WARN  Use of deprecated setting 'dbms.memory.pagecache.size'. It is replaced by 'server.memory.pagecache.size'.
2022-11-09 04:51:28.524+0000 WARN  Use of deprecated setting 'dbms.memory.heap.max_size'. It is replaced by 'server.memory.heap.max_size'.
2022-11-09 04:51:28.527+0000 INFO  Starting...
2022-11-09 04:51:28.841+0000 INFO  This instance is ServerId{dddcbeb4} (dddcbeb4-5893-439d-931d-4780882d0809)
2022-11-09 04:51:29.411+0000 INFO  ======== Neo4j 5.1.0 ========
2022-11-09 04:51:31.600+0000 INFO  Bolt enabled on 0.0.0.0:7687.
2022-11-09 04:51:32.103+0000 INFO  Remote interface available at http://localhost:7474/
2022-11-09 04:51:32.106+0000 INFO  id: 5CBF333570F8B846ECCB9F302EF0F034073E8DF29A560AC865D3FDEADB64D53E
2022-11-09 04:51:32.107+0000 INFO  name: system
2022-11-09 04:51:32.108+0000 INFO  creationDate: 2022-11-03T19:14:27.486Z
2022-11-09 04:51:32.109+0000 INFO  Started.
2022-11-09 05:06:50.293+0000 INFO  Neo4j Server shutdown initiated by request
2022-11-09 05:06:50.297+0000 INFO  Stopping...
2022-11-09 05:06:53.558+0000 INFO  Stopped.
2022-11-09 17:18:42.983+0000 WARN  Use of deprecated setting 'dbms.memory.pagecache.size'. It is replaced by 'server.memory.pagecache.size'.
2022-11-09 17:18:42.986+0000 WARN  Use of deprecated setting 'dbms.memory.heap.max_size'. It is replaced by 'server.memory.heap.max_size'.
2022-11-09 17:18:42.989+0000 INFO  Starting...
2022-11-09 17:18:43.322+0000 INFO  This instance is ServerId{dddcbeb4} (dddcbeb4-5893-439d-931d-4780882d0809)
2022-11-09 17:18:43.825+0000 INFO  ======== Neo4j 5.1.0 ========
2022-11-09 17:18:46.312+0000 INFO  Bolt enabled on 0.0.0.0:7687.
2022-11-09 17:18:46.801+0000 INFO  Remote interface available at http://localhost:7474/
2022-11-09 17:18:46.806+0000 INFO  id: 5CBF333570F8B846ECCB9F302EF0F034073E8DF29A560AC865D3FDEADB64D53E
2022-11-09 17:18:46.807+0000 INFO  name: system
2022-11-09 17:18:46.808+0000 INFO  creationDate: 2022-11-03T19:14:27.486Z
2022-11-09 17:18:46.809+0000 INFO  Started.
2022-11-09 17:22:02.147+0000 INFO  Neo4j Server shutdown initiated by request
2022-11-09 17:22:02.148+0000 INFO  Stopping...
2022-11-09 17:22:05.186+0000 INFO  Stopped.
2022-11-09 17:24:22.029+0000 WARN  Use of deprecated setting 'dbms.memory.pagecache.size'. It is replaced by 'server.memory.pagecache.size'.
2022-11-09 17:24:22.034+0000 WARN  Use of deprecated setting 'dbms.memory.heap.max_size'. It is replaced by 'server.memory.heap.max_size'.
2022-11-09 17:24:22.037+0000 INFO  Starting...
2022-11-09 17:24:22.336+0000 INFO  This instance is ServerId{dddcbeb4} (dddcbeb4-5893-439d-931d-4780882d0809)
2022-11-09 17:24:22.829+0000 INFO  ======== Neo4j 5.1.0 ========
2022-11-09 17:24:24.893+0000 INFO  Bolt enabled on 0.0.0.0:7687.
2022-11-09 17:24:25.454+0000 INFO  Remote interface available at http://localhost:7474/
2022-11-09 17:24:25.458+0000 INFO  id: 5CBF333570F8B846ECCB9F302EF0F034073E8DF29A560AC865D3FDEADB64D53E
2022-11-09 17:24:25.459+0000 INFO  name: system
2022-11-09 17:24:25.460+0000 INFO  creationDate: 2022-11-03T19:14:27.486Z
2022-11-09 17:24:25.460+0000 INFO  Started.
2022-11-09 17:26:48.794+0000 INFO  Neo4j Server shutdown initiated by request
2022-11-09 17:26:48.795+0000 INFO  Stopping...
2022-11-09 17:26:51.684+0000 INFO  Stopped.
2022-11-09 17:27:45.131+0000 WARN  Use of deprecated setting 'dbms.memory.pagecache.size'. It is replaced by 'server.memory.pagecache.size'.
2022-11-09 17:27:45.135+0000 WARN  Use of deprecated setting 'dbms.memory.heap.max_size'. It is replaced by 'server.memory.heap.max_size'.
2022-11-09 17:27:45.137+0000 INFO  Starting...
2022-11-09 17:27:45.508+0000 INFO  This instance is ServerId{dddcbeb4} (dddcbeb4-5893-439d-931d-4780882d0809)
2022-11-09 17:27:46.022+0000 INFO  ======== Neo4j 5.1.0 ========
2022-11-09 17:27:48.053+0000 INFO  Bolt enabled on 0.0.0.0:7687.
2022-11-09 17:27:48.552+0000 INFO  Remote interface available at http://localhost:7474/
2022-11-09 17:27:48.556+0000 INFO  id: 5CBF333570F8B846ECCB9F302EF0F034073E8DF29A560AC865D3FDEADB64D53E
2022-11-09 17:27:48.557+0000 INFO  name: system
2022-11-09 17:27:48.559+0000 INFO  creationDate: 2022-11-03T19:14:27.486Z
2022-11-09 17:27:48.559+0000 INFO  Started.
2022-11-09 17:31:15.185+0000 INFO  Neo4j Server shutdown initiated by request
2022-11-09 17:31:15.186+0000 INFO  Stopping...
2022-11-09 17:31:18.081+0000 INFO  Stopped.
2022-11-09 22:37:43.978+0000 WARN  Use of deprecated setting 'dbms.memory.pagecache.size'. It is replaced by 'server.memory.pagecache.size'.
2022-11-09 22:37:43.981+0000 WARN  Use of deprecated setting 'dbms.memory.heap.max_size'. It is replaced by 'server.memory.heap.max_size'.
2022-11-09 22:37:43.983+0000 INFO  Starting...
2022-11-09 22:37:44.317+0000 INFO  This instance is ServerId{dddcbeb4} (dddcbeb4-5893-439d-931d-4780882d0809)
2022-11-09 22:37:44.859+0000 INFO  ======== Neo4j 5.1.0 ========
2022-11-09 22:37:47.075+0000 INFO  Bolt enabled on 0.0.0.0:7687.
2022-11-09 22:37:47.566+0000 INFO  Remote interface available at http://localhost:7474/
2022-11-09 22:37:47.570+0000 INFO  id: 5CBF333570F8B846ECCB9F302EF0F034073E8DF29A560AC865D3FDEADB64D53E
2022-11-09 22:37:47.571+0000 INFO  name: system
2022-11-09 22:37:47.572+0000 INFO  creationDate: 2022-11-03T19:14:27.486Z
2022-11-09 22:37:47.573+0000 INFO  Started.
2022-11-09 22:45:31.148+0000 INFO  Neo4j Server shutdown initiated by request
2022-11-09 22:45:31.150+0000 INFO  Stopping...
2022-11-09 22:45:34.102+0000 INFO  Stopped.
2022-11-09 22:47:04.775+0000 WARN  Use of deprecated setting 'dbms.memory.pagecache.size'. It is replaced by 'server.memory.pagecache.size'.
2022-11-09 22:47:04.778+0000 WARN  Use of deprecated setting 'dbms.memory.heap.max_size'. It is replaced by 'server.memory.heap.max_size'.
2022-11-09 22:47:04.781+0000 INFO  Starting...
2022-11-09 22:47:05.101+0000 INFO  This instance is ServerId{dddcbeb4} (dddcbeb4-5893-439d-931d-4780882d0809)
2022-11-09 22:47:05.696+0000 INFO  ======== Neo4j 5.1.0 ========
2022-11-09 22:47:07.911+0000 INFO  Bolt enabled on 0.0.0.0:7687.
2022-11-09 22:47:08.451+0000 INFO  Remote interface available at http://localhost:7474/
2022-11-09 22:47:08.455+0000 INFO  id: 5CBF333570F8B846ECCB9F302EF0F034073E8DF29A560AC865D3FDEADB64D53E
2022-11-09 22:47:08.457+0000 INFO  name: system
2022-11-09 22:47:08.458+0000 INFO  creationDate: 2022-11-03T19:14:27.486Z
2022-11-09 22:47:08.459+0000 INFO  Started.
2022-11-09 22:49:11.969+0000 INFO  Neo4j Server shutdown initiated by request
2022-11-09 22:49:11.971+0000 INFO  Stopping...
2022-11-09 22:49:15.203+0000 INFO  Stopped.
