2022-11-03 19:14:25.762+0000 WARN  [o.n.k.i.JvmChecker] The initial heap memory has not been configured. It is recommended that it is always explicitly configured, to ensure the system has a balanced configuration. Until then, a JVM computed heuristic of 130023424 bytes is used instead. If you are running neo4j server, you need to configure server.memory.heap.initial_size in neo4j.conf. If you are running neo4j embedded, you have to launch the JVM with -Xms set to a value. You can run neo4j-admin server memory-recommendation for memory configuration suggestions.
2022-11-03 19:14:25.781+0000 WARN  [o.n.i.p.PageCache] Reflection access to java.nio.DirectByteBuffer is not available, using fallback mode. This could have negative impact on performance and memory usage. Consider adding --add-opens=java.base/java.nio=ALL-UNNAMED to VM options.
2022-11-03 19:14:25.903+0000 INFO  [o.n.i.d.DiagnosticsManager] 
                                                                ********************************************************************************
                                                                                             [ System diagnostics ]                             
                                                                ********************************************************************************
                                                                --------------------------------------------------------------------------------
                                                                                         [ System memory information ]                          
                                                                --------------------------------------------------------------------------------
                                                                Total Physical memory: 7.636GiB
                                                                Free Physical memory: 3.409GiB
                                                                Committed virtual memory: 4.803GiB
                                                                Total swap space: 2.000GiB
                                                                Free swap space: 2.000GiB
                                                                
                                                                --------------------------------------------------------------------------------
                                                                                           [ JVM memory information ]                           
                                                                --------------------------------------------------------------------------------
                                                                Free  memory: 44.29MiB
                                                                Total memory: 126.0MiB
                                                                Max   memory: 1.000GiB
                                                                Garbage Collector: G1 Young Generation: [G1 Eden Space, G1 Survivor Space, G1 Old Gen]
                                                                Garbage Collector: G1 Old Generation: [G1 Eden Space, G1 Survivor Space, G1 Old Gen]
                                                                Memory Pool: CodeHeap 'non-nmethods' (Non-heap memory): committed=2.938MiB, used=2.862MiB, max=7.254MiB, threshold=0B
                                                                Memory Pool: Metaspace (Non-heap memory): committed=20.69MiB, used=20.32MiB, max=-1B, threshold=0B
                                                                Memory Pool: CodeHeap 'profiled nmethods' (Non-heap memory): committed=4.813MiB, used=4.780MiB, max=116.4MiB, threshold=0B
                                                                Memory Pool: Compressed Class Space (Non-heap memory): committed=2.375MiB, used=2.216MiB, max=1.000GiB, threshold=0B
                                                                Memory Pool: G1 Eden Space (Heap memory): committed=66.00MiB, used=56.00MiB, max=-1B, threshold=?
                                                                Memory Pool: G1 Old Gen (Heap memory): committed=58.00MiB, used=22.80MiB, max=1.000GiB, threshold=0B
                                                                Memory Pool: G1 Survivor Space (Heap memory): committed=2.000MiB, used=1.913MiB, max=-1B, threshold=?
                                                                Memory Pool: CodeHeap 'non-profiled nmethods' (Non-heap memory): committed=2.438MiB, used=1.191MiB, max=116.4MiB, threshold=0B
                                                                
                                                                --------------------------------------------------------------------------------
                                                                                        [ Operating system information ]                        
                                                                --------------------------------------------------------------------------------
                                                                Operating System: Linux; version: 5.10.16.3-microsoft-standard-WSL2; arch: amd64; cpus: 16
                                                                Max number of file descriptors: 1048576
                                                                Number of open file descriptors: 192
                                                                Process id: 7
                                                                Byte order: LITTLE_ENDIAN
                                                                Local timezone: Etc/UTC
                                                                
                                                                --------------------------------------------------------------------------------
                                                                                              [ JVM information ]                               
                                                                --------------------------------------------------------------------------------
                                                                VM Name: OpenJDK 64-Bit Server VM
                                                                VM Vendor: Eclipse Adoptium
                                                                VM Version: 17.0.4.1+1
                                                                JIT compiler: HotSpot 64-Bit Tiered Compilers
                                                                VM Arguments: [-Dfile.encoding=UTF-8, -Xmx1048576k]
                                                                
                                                                --------------------------------------------------------------------------------
                                                                                               [ Java classpath ]                               
                                                                --------------------------------------------------------------------------------
                                                                 [classpath] /var/lib/neo4j/lib/neo4j-cypher-config-5.1.0.jar
                                                                 [classpath] /var/lib/neo4j/lib/neo4j-cypher-planner-spi-5.1.0.jar
                                                                 [classpath] /var/lib/neo4j/lib/jetty-io-9.4.49.v20220914.jar
                                                                 [classpath] /var/lib/neo4j/lib/shiro-event-1.9.1.jar
                                                                 [classpath] /var/lib/neo4j/lib/jakarta.activation-api-1.2.1.jar
                                                                 [classpath] /var/lib/neo4j/lib/jPowerShell-3.0.jar
                                                                 [classpath] /var/lib/neo4j/lib/scala-reflect-2.13.8.jar
                                                                 [classpath] /var/lib/neo4j/lib/jetty-servlet-9.4.49.v20220914.jar
                                                                 [classpath] /var/lib/neo4j/lib/mercator_2.13-0.2.1.jar
                                                                 [classpath] /var/lib/neo4j/lib/neo4j-spatial-index-5.1.0.jar
                                                                 [classpath] /var/lib/neo4j/lib/jaxb-runtime-2.3.2.jar
                                                                 [classpath] /var/lib/neo4j/lib/reactive-streams-1.0.4.jar
                                                                 [classpath] /var/lib/neo4j/lib/netty-transport-native-epoll-4.1.82.Final-linux-aarch_64.jar
                                                                 [classpath] /var/lib/neo4j/lib/neo4j-cypher-ir-5.1.0.jar
                                                                 [classpath] /var/lib/neo4j/lib/neo4j-cypher-physical-planning-5.1.0.jar
                                                                 [classpath] /var/lib/neo4j/lib/slf4j-nop-2.0.1.jar
                                                                 [classpath] /var/lib/neo4j/lib/javassist-3.25.0-GA.jar
                                                                 [classpath] /var/lib/neo4j/lib/neo4j-concurrent-5.1.0.jar
                                                                 [classpath] /var/lib/neo4j/lib/netty-transport-classes-epoll-4.1.82.Final.jar
                                                                 [classpath] /var/lib/neo4j/lib/annotations-5.1.0.jar
                                                                 [classpath] /var/lib/neo4j/lib/jersey-container-servlet-2.34.jar
                                                                 [classpath] /var/lib/neo4j/lib/neo4j-import-tool-5.1.0.jar
                                                                 [classpath] /var/lib/neo4j/lib/neo4j-bolt-5.1.0.jar
                                                                 [classpath] /var/lib/neo4j/lib/neo4j-java-driver-5.1.0.jar
                                                                 [classpath] /var/lib/neo4j/lib/neo4j-expressions-5.1.0.jar
                                                                 [classpath] /var/lib/neo4j/lib/netty-codec-4.1.82.Final.jar
                                                                 [classpath] /var/lib/neo4j/lib/neo4j-csv-5.1.0.jar
                                                                 [classpath] /var/lib/neo4j/lib/netty-handler-4.1.82.Final.jar
                                                                 [classpath] /var/lib/neo4j/conf/*
                                                                 [classpath] /var/lib/neo4j/lib/lucene-analysis-common-9.4.0.jar
                                                                 [classpath] /var/lib/neo4j/lib/neo4j-consistency-check-5.1.0.jar
                                                                 [classpath] /var/lib/neo4j/lib/WMI4Java-1.6.3.jar
                                                                 [classpath] /var/lib/neo4j/lib/jackson-module-jaxb-annotations-2.13.4.jar
                                                                 [classpath] /var/lib/neo4j/lib/neo4j-native-5.1.0.jar
                                                                 [classpath] /var/lib/neo4j/lib/neo4j-monitoring-5.1.0.jar
                                                                 [classpath] /var/lib/neo4j/lib/jProcesses-1.6.5.jar
                                                                 [classpath] /var/lib/neo4j/lib/ipaddress-5.3.4.jar
                                                                 [classpath] /var/lib/neo4j/lib/caffeine-3.1.1.jar
                                                                 [classpath] /var/lib/neo4j/lib/commons-collections-3.2.2.jar
                                                                 [classpath] /var/lib/neo4j/lib/neo4j-cypher-planner-5.1.0.jar
                                                                 [classpath] /var/lib/neo4j/lib/hk2-locator-2.6.1.jar
                                                                 [classpath] /var/lib/neo4j/lib/jersey-common-2.34.jar
                                                                 [classpath] /var/lib/neo4j/lib/jackson-jaxrs-base-2.13.4.jar
                                                                 [classpath] /var/lib/neo4j/lib/neo4j-buffers-5.1.0.jar
                                                                 [classpath] /var/lib/neo4j/lib/commons-configuration2-2.8.0.jar
                                                                 [classpath] /var/lib/neo4j/lib/netty-common-4.1.82.Final.jar
                                                                 [classpath] /var/lib/neo4j/lib/slf4j-api-2.0.1.jar
                                                                 [classpath] /var/lib/neo4j/lib/netty-transport-4.1.82.Final.jar
                                                                 [classpath] /var/lib/neo4j/lib/eclipse-collections-api-11.1.0.jar
                                                                 [classpath] /var/lib/neo4j/lib/neo4j-layout-5.1.0.jar
                                                                 [classpath] /var/lib/neo4j/lib/jersey-container-servlet-core-2.34.jar
                                                                 [classpath] /var/lib/neo4j/lib/neo4j-capabilities-5.1.0.jar
                                                                 [classpath] /var/lib/neo4j/lib/javax.ws.rs-api-2.1.1.jar
                                                                 [classpath] /var/lib/neo4j/lib/jansi-2.4.0.jar
                                                                 [classpath] /var/lib/neo4j/lib/neo4j-schema-5.1.0.jar
                                                                 [classpath] /var/lib/neo4j/lib/commons-compress-1.21.jar
                                                                 [classpath] /var/lib/neo4j/lib/neo4j-fulltext-index-5.1.0.jar
                                                                 [classpath] /var/lib/neo4j/lib/cypher-literal-interpreter-5.1.0.jar
                                                                 [classpath] /var/lib/neo4j/lib/jline-terminal-3.21.0.jar
                                                                 [classpath] /var/lib/neo4j/lib/neo4j-security-5.1.0.jar
                                                                 [classpath] /var/lib/neo4j/lib/neo4j-ssl-5.1.0.jar
                                                                 [classpath] /var/lib/neo4j/lib/lz4-java-1.8.0.jar
                                                                 [classpath] /var/lib/neo4j/lib/neo4j-codegen-5.1.0.jar
                                                                 [classpath] /var/lib/neo4j/lib/neo4j-server-5.1.0.jar
                                                                 [classpath] /var/lib/neo4j/lib/netty-transport-native-epoll-4.1.82.Final-linux-x86_64.jar
                                                                 [classpath] /var/lib/neo4j/lib/lucene-core-9.4.0.jar
                                                                 [classpath] /var/lib/neo4j/lib/lucene-backward-codecs-9.4.0.jar
                                                                 [classpath] /var/lib/neo4j/lib/cypher-shell-5.1.0.jar
                                                                 [classpath] /var/lib/neo4j/lib/shiro-lang-1.9.1.jar
                                                                 [classpath] /var/lib/neo4j/lib/jakarta.ws.rs-api-2.1.6.jar
                                                                 [classpath] /var/lib/neo4j/lib/zstd-proxy-5.1.0.jar
                                                                 [classpath] /var/lib/neo4j/lib/jackson-core-2.13.4.jar
                                                                 [classpath] /var/lib/neo4j/lib/neo4j-cypher-5.1.0.jar
                                                                 [classpath] /var/lib/neo4j/lib/jline-terminal-jansi-3.21.0.jar
                                                                 [classpath] /var/lib/neo4j/lib/neo4j-cypher-cache-5.1.0.jar
                                                                 [classpath] /var/lib/neo4j/lib/hk2-api-2.6.1.jar
                                                                 [classpath] /var/lib/neo4j/lib/server-api-5.1.0.jar
                                                                 [classpath] /var/lib/neo4j/lib/neo4j-front-end-5.1.0.jar
                                                                 [classpath] /var/lib/neo4j/lib/log4j-layout-template-json-2.18.0.jar
                                                                 [classpath] /var/lib/neo4j/lib/neo4j-ast-5.1.0.jar
                                                                 [classpath] /var/lib/neo4j/lib/neo4j-wal-5.1.0.jar
                                                                 [classpath] /var/lib/neo4j/lib/jettison-1.5.0.jar
                                                                 [classpath] /var/lib/neo4j/lib/istack-commons-runtime-3.0.8.jar
                                                                 [classpath] /var/lib/neo4j/lib/eclipse-collections-11.1.0.jar
                                                                 [classpath] /var/lib/neo4j/lib/log4j-api-2.18.0.jar
                                                                 [classpath] /var/lib/neo4j/lib/commons-io-2.11.0.jar
                                                                 [classpath] /var/lib/neo4j/lib/scala-library-2.13.8.jar
                                                                 [classpath] /var/lib/neo4j/lib/neo4j-index-5.1.0.jar
                                                                 [classpath] /var/lib/neo4j/lib/neo4j-diagnostics-5.1.0.jar
                                                                 [classpath] /var/lib/neo4j/lib/cypher-ast-factory-5.1.0.jar
                                                                 [classpath] /var/lib/neo4j/lib/neo4j-browser-4.4.7.jar
                                                                 [classpath] /var/lib/neo4j/lib/netty-buffer-4.1.82.Final.jar
                                                                 [classpath] /var/lib/neo4j/lib/jetty-xml-9.4.49.v20220914.jar
                                                                 [classpath] /var/lib/neo4j/lib/neo4j-graphdb-api-5.1.0.jar
                                                                 [classpath] /var/lib/neo4j/lib/neo4j-import-util-5.1.0.jar
                                                                 [classpath] /var/lib/neo4j/lib/jakarta.validation-api-2.0.2.jar
                                                                 [classpath] /var/lib/neo4j/lib/neo4j-resource-5.1.0.jar
                                                                 [classpath] /var/lib/neo4j/lib/kiama_2.13-2.5.0.jar
                                                                 [classpath] /var/lib/neo4j/lib/jackson-annotations-2.13.4.jar
                                                                 [classpath] /var/lib/neo4j/lib/magnolia_2.13-0.17.0.jar
                                                                 [classpath] /var/lib/neo4j/lib/neo4j-id-generator-5.1.0.jar
                                                                 [classpath] /var/lib/neo4j/lib/neo4j-cypher-macros-5.1.0.jar
                                                                 [classpath] /var/lib/neo4j/lib/jctools-core-4.0.1.jar
                                                                 [classpath] /var/lib/neo4j/lib/neo4j-storage-engine-util-5.1.0.jar
                                                                 [classpath] /var/lib/neo4j/lib/shiro-core-1.9.1.jar
                                                                 [classpath] /var/lib/neo4j/lib/neo4j-lock-5.1.0.jar
                                                                 [classpath] /var/lib/neo4j/lib/jna-5.12.1.jar
                                                                 [classpath] /var/lib/neo4j/lib/neo4j-lucene-index-5.1.0.jar
                                                                 [classpath] /var/lib/neo4j/lib/shiro-config-core-1.9.1.jar
                                                                 [classpath] /var/lib/neo4j/lib/shiro-crypto-hash-1.9.1.jar
                                                                 [classpath] /var/lib/neo4j/lib/jakarta.inject-2.6.1.jar
                                                                 [classpath] /var/lib/neo4j/lib/jetty-security-9.4.49.v20220914.jar
                                                                 [classpath] /var/lib/neo4j/lib/hk2-utils-2.6.1.jar
                                                                 [classpath] /var/lib/neo4j/lib/stax-ex-1.8.1.jar
                                                                 [classpath] /var/lib/neo4j/lib/neo4j-token-api-5.1.0.jar
                                                                 [classpath] /var/lib/neo4j/lib/txw2-2.3.2.jar
                                                                 [classpath] /var/lib/neo4j/lib/neo4j-cypher-expression-evaluator-5.1.0.jar
                                                                 [classpath] /var/lib/neo4j/lib/neo4j-cypher-runtime-util-5.1.0.jar
                                                                 [classpath] /var/lib/neo4j/lib/neo4j-collections-5.1.0.jar
                                                                 [classpath] /var/lib/neo4j/lib/jackson-jaxrs-json-provider-2.13.4.jar
                                                                 [classpath] /var/lib/neo4j/lib/netty-transport-native-unix-common-4.1.82.Final.jar
                                                                 [classpath] /var/lib/neo4j/lib/netty-transport-classes-kqueue-4.1.82.Final.jar
                                                                 [classpath] /var/lib/neo4j/lib/jline-reader-3.21.0.jar
                                                                 [classpath] /var/lib/neo4j/lib/FastInfoset-1.2.16.jar
                                                                 [classpath] /var/lib/neo4j/lib/neo4j-cypher-logical-plans-5.1.0.jar
                                                                 [classpath] /var/lib/neo4j/lib/argparse4j-0.9.0.jar
                                                                 [classpath] /var/lib/neo4j/lib/jetty-server-9.4.49.v20220914.jar
                                                                 [classpath] /var/lib/neo4j/lib/netty-transport-native-kqueue-4.1.82.Final-osx-x86_64.jar
                                                                 [classpath] /var/lib/neo4j/lib/commons-logging-1.2.jar
                                                                 [classpath] /var/lib/neo4j/lib/netty-resolver-4.1.82.Final.jar
                                                                 [classpath] /var/lib/neo4j/lib/neo4j-util-5.1.0.jar
                                                                 [classpath] /var/lib/neo4j/lib/log4j-core-2.18.0.jar
                                                                 [classpath] /var/lib/neo4j/lib/neo4j-values-5.1.0.jar
                                                                 [classpath] /var/lib/neo4j/lib/neo4j-record-storage-engine-5.1.0.jar
                                                                 [classpath] /var/lib/neo4j/lib/lucene-queryparser-9.4.0.jar
                                                                 [classpath] /var/lib/neo4j/lib/neo4j-5.1.0.jar
                                                                 [classpath] /var/lib/neo4j/lib/reactor-core-3.4.23.jar
                                                                 [classpath] /var/lib/neo4j/lib/neo4j-procedure-api-5.1.0.jar
                                                                 [classpath] /var/lib/neo4j/lib/neo4j-command-line-5.1.0.jar
                                                                 [classpath] /var/lib/neo4j/lib/neo4j-cypher-interpreted-runtime-5.1.0.jar
                                                                 [classpath] /var/lib/neo4j/lib/shiro-crypto-core-1.9.1.jar
                                                                 [classpath] /var/lib/neo4j/lib/neo4j-bootcheck-5.1.0.jar
                                                                 [classpath] /var/lib/neo4j/lib/neo4j-io-5.1.0.jar
                                                                 [classpath] /var/lib/neo4j/lib/jetty-util-9.4.49.v20220914.jar
                                                                 [classpath] /var/lib/neo4j/lib/neo4j-unsafe-5.1.0.jar
                                                                 [classpath] /var/lib/neo4j/lib/zstd-jni-1.5.2-4.jar
                                                                 [classpath] /var/lib/neo4j/lib/shiro-crypto-cipher-1.9.1.jar
                                                                 [classpath] /var/lib/neo4j/lib/jakarta.annotation-api-1.3.5.jar
                                                                 [classpath] /var/lib/neo4j/lib/neo4j-kernel-api-5.1.0.jar
                                                                 [classpath] /var/lib/neo4j/lib/neo4j-push-to-cloud-5.1.0.jar
                                                                 [classpath] /var/lib/neo4j/lib/jaxb-api-2.3.0.jar
                                                                 [classpath] /var/lib/neo4j/lib/jetty-webapp-9.4.49.v20220914.jar
                                                                 [classpath] /var/lib/neo4j/lib/neo4j-cypher-ast-factory-5.1.0.jar
                                                                 [classpath] /var/lib/neo4j/lib/neo4j-procedure-5.1.0.jar
                                                                 [classpath] /var/lib/neo4j/lib/netty-codec-http-4.1.82.Final.jar
                                                                 [classpath] /var/lib/neo4j/lib/commons-lang3-3.12.0.jar
                                                                 [classpath] /var/lib/neo4j/lib/neo4j-fabric-5.1.0.jar
                                                                 [classpath] /var/lib/neo4j/lib/jetty-http-9.4.49.v20220914.jar
                                                                 [classpath] /var/lib/neo4j/lib/neo4j-kernel-5.1.0.jar
                                                                 [classpath] /var/lib/neo4j/lib/netty-tcnative-classes-2.0.54.Final.jar
                                                                 [classpath] /var/lib/neo4j/lib/neo4j-graph-algo-5.1.0.jar
                                                                 [classpath] /var/lib/neo4j/lib/picocli-4.6.3.jar
                                                                 [classpath] /var/lib/neo4j/lib/commons-text-1.9.jar
                                                                 [classpath] /var/lib/neo4j/lib/shiro-cache-1.9.1.jar
                                                                 [classpath] /var/lib/neo4j/lib/neo4j-logging-5.1.0.jar
                                                                 [classpath] /var/lib/neo4j/lib/javax.servlet-api-3.1.0.jar
                                                                 [classpath] /var/lib/neo4j/lib/neo4j-exceptions-5.1.0.jar
                                                                 [classpath] /var/lib/neo4j/lib/commons-beanutils-1.9.4.jar
                                                                 [classpath] /var/lib/neo4j/lib/jersey-server-2.34.jar
                                                                 [classpath] /var/lib/neo4j/lib/neo4j-rewriting-5.1.0.jar
                                                                 [classpath] /var/lib/neo4j/lib/neo4j-cypher-javacc-parser-5.1.0.jar
                                                                 [classpath] /var/lib/neo4j/lib/neo4j-configuration-5.1.0.jar
                                                                 [classpath] /var/lib/neo4j/lib/shiro-config-ogdl-1.9.1.jar
                                                                 [classpath] /var/lib/neo4j/lib/neo4j-dbms-5.1.0.jar
                                                                 [classpath] /var/lib/neo4j/lib/neo4j-data-collector-5.1.0.jar
                                                                 [classpath] /var/lib/neo4j/lib/neo4j-cypher-slotted-runtime-5.1.0.jar
                                                                 [classpath] /var/lib/neo4j/lib/netty-transport-native-kqueue-4.1.82.Final-osx-aarch_64.jar
                                                                 [classpath] /var/lib/neo4j/lib/jersey-client-2.34.jar
                                                                 [classpath] /var/lib/neo4j/lib/neo4j-common-5.1.0.jar
                                                                 [classpath] /var/lib/neo4j/lib/jackson-databind-2.13.4.jar
                                                                 [classpath] /var/lib/neo4j/lib/jersey-hk2-2.34.jar
                                                                
                                                                --------------------------------------------------------------------------------
                                                                                                [ Library path ]                                
                                                                --------------------------------------------------------------------------------
                                                                /usr/java/packages/lib
                                                                /usr/lib64
                                                                /lib64
                                                                /lib
                                                                /usr/lib
                                                                
                                                                --------------------------------------------------------------------------------
                                                                                             [ System properties ]                              
                                                                --------------------------------------------------------------------------------
                                                                sun.jnu.encoding = ANSI_X3.4-1968
                                                                sun.arch.data.model = 64
                                                                user.timezone = Etc/UTC
                                                                sun.java.launcher = SUN_STANDARD
                                                                user.country = US
                                                                sun.boot.library.path = /opt/java/openjdk/lib
                                                                sun.java.command = org.neo4j.server.CommunityEntryPoint --home-dir=/var/lib/neo4j --config-dir=/var/lib/neo4j/conf --console-mode
                                                                jdk.debug = release
                                                                sun.cpu.endian = little
                                                                user.home = /var/lib/neo4j
                                                                user.language = en
                                                                file.separator = /
                                                                sun.management.compiler = HotSpot 64-Bit Tiered Compilers
                                                                user.name = neo4j
                                                                path.separator = :
                                                                file.encoding = UTF-8
                                                                jnidispatch.path = /var/lib/neo4j/.cache/JNA/temp/jna11801032042879095303.tmp
                                                                jna.loaded = true
                                                                user.dir = /var/lib/neo4j
                                                                native.encoding = ANSI_X3.4-1968
                                                                sun.io.unicode.encoding = UnicodeLittle
                                                                
                                                                --------------------------------------------------------------------------------
                                                                                      [ (IANA) TimeZone database version ]                      
                                                                --------------------------------------------------------------------------------
                                                                  TimeZone version: 2022a (available for 601 zone identifiers)
                                                                
                                                                --------------------------------------------------------------------------------
                                                                                            [ Network information ]                             
                                                                --------------------------------------------------------------------------------
                                                                Interface eth0:
                                                                    address: 172.20.0.2
                                                                Interface lo:
                                                                    address: 127.0.0.1
                                                                
                                                                --------------------------------------------------------------------------------
                                                                                         [ Native access information ]                          
                                                                --------------------------------------------------------------------------------
                                                                Native access details: Linux native access is available.
                                                                
                                                                --------------------------------------------------------------------------------
                                                                                                [ DBMS config ]                                 
                                                                --------------------------------------------------------------------------------
                                                                DBMS provided settings:
                                                                db.tx_log.rotation.retention_policy=100M size
                                                                server.default_listen_address=0.0.0.0
                                                                server.directories.import=/import
                                                                server.directories.logs=/logs
                                                                server.directories.neo4j_home=/var/lib/neo4j
                                                                server.directories.plugins=/plugins
                                                                server.memory.heap.max_size=1.00GiB
                                                                server.memory.pagecache.size=1.00GiB
                                                                
2022-11-03 19:14:25.929+0000 INFO  [o.n.d.i.DefaultIdentityModule] Generated new ServerId: ServerId{dddcbeb4} (dddcbeb4-5893-439d-931d-4780882d0809)
2022-11-03 19:14:25.931+0000 INFO  [o.n.d.i.DefaultIdentityModule] This instance is ServerId{dddcbeb4} (dddcbeb4-5893-439d-931d-4780882d0809)
2022-11-03 19:14:25.938+0000 INFO  [o.n.g.f.EditionLocksFactories] Locking implementation 'forseti' selected.
2022-11-03 19:14:26.679+0000 INFO  [o.n.s.CommunityNeoWebServer] ======== Neo4j 5.1.0 ========
2022-11-03 19:14:26.691+0000 INFO  [o.n.d.d.DatabaseLifecycles] Creating 'DatabaseId{00000000[system]}'.
2022-11-03 19:14:26.775+0000 INFO  [o.n.b.BoltServer] Using connector transport epoll
2022-11-03 19:14:26.876+0000 INFO  [o.n.b.BoltServer] Configured external Bolt connector with listener address /0.0.0.0:7687
2022-11-03 19:14:26.877+0000 INFO  [o.n.b.BoltServer] Bolt server loaded
2022-11-03 19:14:26.901+0000 INFO  [o.n.d.d.DatabaseLifecycles] Starting 'DatabaseId{00000000[system]}'.
2022-11-03 19:14:27.694+0000 INFO  [o.n.i.d.DiagnosticsManager] [system/00000000] 
                                                                [system/00000000] ********************************************************************************
                                                                [system/00000000]                               [ Database: system ]                              
                                                                [system/00000000] ********************************************************************************
                                                                [system/00000000] --------------------------------------------------------------------------------
                                                                [system/00000000]                                   [ Version ]                                   
                                                                [system/00000000] --------------------------------------------------------------------------------
                                                                [system/00000000] DBMS: community record-aligned-1.1
                                                                [system/00000000] Kernel version: 5.1.0
                                                                [system/00000000] 
                                                                [system/00000000] --------------------------------------------------------------------------------
                                                                [system/00000000]                                 [ Store files ]                                 
                                                                [system/00000000] --------------------------------------------------------------------------------
                                                                [system/00000000] Disk space on partition (Total / Free / Free %): 1023438483456 / 43212353536 / 4
                                                                [system/00000000] Storage files stored on file store: 9p
                                                                [system/00000000] Storage files: (filename : modification date - size)
                                                                [system/00000000]   neostore: 2022-11-03 19:14:27.487+0000 - 8.000KiB
                                                                [system/00000000]   neostore.counts.db: 2022-11-03 19:14:27.512+0000 - 40.00KiB
                                                                [system/00000000]   neostore.indexstats.db: 2022-11-03 19:14:27.549+0000 - 40.00KiB
                                                                [system/00000000]   neostore.labeltokenstore.db: 2022-11-03 19:14:27.441+0000 - 0B
                                                                [system/00000000]   neostore.labeltokenstore.db.id: 2022-11-03 19:14:27.436+0000 - 40.00KiB
                                                                [system/00000000]   neostore.labeltokenstore.db.names: 2022-11-03 19:14:27.423+0000 - 8.000KiB
                                                                [system/00000000]   neostore.labeltokenstore.db.names.id: 2022-11-03 19:14:27.416+0000 - 40.00KiB
                                                                [system/00000000]   neostore.nodestore.db: 2022-11-03 19:14:27.243+0000 - 0B
                                                                [system/00000000]   neostore.nodestore.db.id: 2022-11-03 19:14:27.238+0000 - 40.00KiB
                                                                [system/00000000]   neostore.nodestore.db.labels: 2022-11-03 19:14:27.218+0000 - 8.000KiB
                                                                [system/00000000]   neostore.nodestore.db.labels.id: 2022-11-03 19:14:27.207+0000 - 40.00KiB
                                                                [system/00000000]   neostore.propertystore.db: 2022-11-03 19:14:27.341+0000 - 0B
                                                                [system/00000000]   neostore.propertystore.db.arrays: 2022-11-03 19:14:27.322+0000 - 8.000KiB
                                                                [system/00000000]   neostore.propertystore.db.arrays.id: 2022-11-03 19:14:27.315+0000 - 40.00KiB
                                                                [system/00000000]   neostore.propertystore.db.id: 2022-11-03 19:14:27.335+0000 - 40.00KiB
                                                                [system/00000000]   neostore.propertystore.db.index: 2022-11-03 19:14:27.281+0000 - 0B
                                                                [system/00000000]   neostore.propertystore.db.index.id: 2022-11-03 19:14:27.276+0000 - 40.00KiB
                                                                [system/00000000]   neostore.propertystore.db.index.keys: 2022-11-03 19:14:27.262+0000 - 8.000KiB
                                                                [system/00000000]   neostore.propertystore.db.index.keys.id: 2022-11-03 19:14:27.256+0000 - 40.00KiB
                                                                [system/00000000]   neostore.propertystore.db.strings: 2022-11-03 19:14:27.299+0000 - 8.000KiB
                                                                [system/00000000]   neostore.propertystore.db.strings.id: 2022-11-03 19:14:27.291+0000 - 40.00KiB
                                                                [system/00000000]   neostore.relationshipgroupstore.db: 2022-11-03 19:14:27.477+0000 - 8.000KiB
                                                                [system/00000000]   neostore.relationshipgroupstore.db.id: 2022-11-03 19:14:27.471+0000 - 40.00KiB
                                                                [system/00000000]   neostore.relationshipgroupstore.degrees.db: 2022-11-03 19:14:27.530+0000 - 40.00KiB
                                                                [system/00000000]   neostore.relationshipstore.db: 2022-11-03 19:14:27.362+0000 - 0B
                                                                [system/00000000]   neostore.relationshipstore.db.id: 2022-11-03 19:14:27.355+0000 - 40.00KiB
                                                                [system/00000000]   neostore.relationshiptypestore.db: 2022-11-03 19:14:27.404+0000 - 0B
                                                                [system/00000000]   neostore.relationshiptypestore.db.id: 2022-11-03 19:14:27.399+0000 - 40.00KiB
                                                                [system/00000000]   neostore.relationshiptypestore.db.names: 2022-11-03 19:14:27.385+0000 - 8.000KiB
                                                                [system/00000000]   neostore.relationshiptypestore.db.names.id: 2022-11-03 19:14:27.377+0000 - 40.00KiB
                                                                [system/00000000]   neostore.schemastore.db: 2022-11-03 19:14:27.459+0000 - 8.000KiB
                                                                [system/00000000]   neostore.schemastore.db.id: 2022-11-03 19:14:27.451+0000 - 40.00KiB
                                                                [system/00000000] Storage summary: 
                                                                [system/00000000]   Total size of store: 752.0KiB
                                                                [system/00000000]   Total size of mapped files: 72.00KiB
                                                                [system/00000000] 
                                                                [system/00000000] --------------------------------------------------------------------------------
                                                                [system/00000000]                               [ Transaction log ]                               
                                                                [system/00000000] --------------------------------------------------------------------------------
                                                                [system/00000000] Transaction log files stored on file store: 9p
                                                                [system/00000000] Transaction log files:
                                                                [system/00000000]  - existing transaction log versions -1--1
                                                                [system/00000000]  - no transactions found
                                                                [system/00000000] Checkpoint log files:
                                                                [system/00000000]  - existing checkpoint log versions -1--1
                                                                [system/00000000]  - no checkpoints found
                                                                [system/00000000] 
                                                                [system/00000000] --------------------------------------------------------------------------------
                                                                [system/00000000]                                   [ Id usage ]                                  
                                                                [system/00000000] --------------------------------------------------------------------------------
                                                                [system/00000000] ArrayPropertyStore[neostore.nodestore.db.labels]: used=1 high=0
                                                                [system/00000000] NodeStore[neostore.nodestore.db]: used=0 high=-1
                                                                [system/00000000] StringPropertyStore[neostore.propertystore.db.index.keys]: used=1 high=0
                                                                [system/00000000] PropertyIndexStore[neostore.propertystore.db.index]: used=0 high=-1
                                                                [system/00000000] StringPropertyStore[neostore.propertystore.db.strings]: used=1 high=0
                                                                [system/00000000] ArrayPropertyStore[neostore.propertystore.db.arrays]: used=1 high=0
                                                                [system/00000000] PropertyStore[neostore.propertystore.db]: used=0 high=-1
                                                                [system/00000000] RelationshipStore[neostore.relationshipstore.db]: used=0 high=-1
                                                                [system/00000000] StringPropertyStore[neostore.relationshiptypestore.db.names]: used=1 high=0
                                                                [system/00000000] RelationshipTypeStore[neostore.relationshiptypestore.db]: used=0 high=-1
                                                                [system/00000000] StringPropertyStore[neostore.labeltokenstore.db.names]: used=1 high=0
                                                                [system/00000000] LabelTokenStore[neostore.labeltokenstore.db]: used=0 high=-1
                                                                [system/00000000] SchemaStore[neostore.schemastore.db]: used=1 high=0
                                                                [system/00000000] RelationshipGroupStore[neostore.relationshipgroupstore.db]: used=1 high=0
                                                                [system/00000000] NeoStore[neostore]: used=-1 high=-1
                                                                [system/00000000] 
                                                                [system/00000000] --------------------------------------------------------------------------------
                                                                [system/00000000]                                   [ Metadata ]                                  
                                                                [system/00000000] --------------------------------------------------------------------------------
                                                                [system/00000000] EXTERNAL_STORE_UUID (Database identifier exposed as external store identity. Generated on creation and never updated): c8af1c3d-2f17-4f22-a0a7-4429dc747b6a
                                                                [system/00000000] DATABASE_ID (The last used DatabaseId for this database): null
                                                                [system/00000000] LEGACY_STORE_VERSION (Legacy store format version. This field is used from 5.0 onwards only to distinguish non-migrated pre 5.0 metadata stores.): -3523014627327384477
                                                                [system/00000000] STORE_ID (Store ID): StoreId{creationTime=1667502867486, random=5286866731313912883, storageEngineName='record', formatName='aligned', majorVersion=1, minorVersion=1}
                                                                [system/00000000] 
2022-11-03 19:14:27.718+0000 INFO  [o.n.k.a.DatabaseAvailabilityGuard] [system/00000000] Requirement `Database unavailable` makes database system unavailable.
2022-11-03 19:14:27.719+0000 INFO  [o.n.k.a.DatabaseAvailabilityGuard] [system/00000000] DatabaseId{00000000[system]} is unavailable.
2022-11-03 19:14:27.737+0000 WARN  [o.n.k.i.s.MetaDataStore] [system/00000000] Missing counts store, rebuilding it.
2022-11-03 19:14:27.740+0000 WARN  [o.n.k.i.s.MetaDataStore] [system/00000000] Counts store rebuild completed.
2022-11-03 19:14:27.746+0000 WARN  [o.n.k.i.t.l.f.LogFileChannelNativeAccessor] [system/00000000] Error on attempt to preallocate log file version: 0. Error: ErrorCode=-1, errorMessage='Incorrect file descriptor.'
2022-11-03 19:14:27.758+0000 INFO  [o.n.k.d.Database] [system/00000000] Starting transaction log [/var/lib/neo4j/data/transactions/system/neostore.transaction.db.0] at version=0
2022-11-03 19:14:27.765+0000 WARN  [o.n.k.i.t.l.f.c.CheckpointFileChannelNativeAccessor] [system/00000000] Error on attempt to preallocate log file version: 0. Error: ErrorCode=-1, errorMessage='Incorrect file descriptor.'
2022-11-03 19:14:27.773+0000 INFO  [o.n.k.d.Database] [system/00000000] Starting transaction log [/var/lib/neo4j/data/transactions/system/checkpoint.0] at version=0
2022-11-03 19:14:27.789+0000 WARN  [o.n.k.i.t.l.f.c.CheckpointFileChannelNativeAccessor] [system/00000000] Unable to advise sequential access for transaction log version: 0. Error: ErrorCode=-1, errorMessage='Incorrect file descriptor.'
2022-11-03 19:14:27.790+0000 WARN  [o.n.k.i.t.l.f.c.CheckpointFileChannelNativeAccessor] [system/00000000] Unable to advise preserve data in cache for transaction log version: 0. Error: ErrorCode=-1, errorMessage='Incorrect file descriptor.'
2022-11-03 19:14:27.791+0000 INFO  [o.n.k.i.t.l.f.c.CheckpointLogFile] [system/00000000] Scanning log file with version 0 for checkpoint entries
2022-11-03 19:14:27.792+0000 WARN  [o.n.k.i.t.l.f.c.CheckpointFileChannelNativeAccessor] [system/00000000] Unable to evict transaction log from cache with version: 0. Error: ErrorCode=-1, errorMessage='Incorrect file descriptor.'
2022-11-03 19:14:27.794+0000 WARN  [o.n.k.i.t.l.f.LogFileChannelNativeAccessor] [system/00000000] Unable to advise sequential access for transaction log version: 0. Error: ErrorCode=-1, errorMessage='Incorrect file descriptor.'
2022-11-03 19:14:27.795+0000 WARN  [o.n.k.i.t.l.f.LogFileChannelNativeAccessor] [system/00000000] Unable to advise preserve data in cache for transaction log version: 0. Error: ErrorCode=-1, errorMessage='Incorrect file descriptor.'
2022-11-03 19:14:27.795+0000 WARN  [o.n.k.i.t.l.f.LogFileChannelNativeAccessor] [system/00000000] Unable to evict transaction log from cache with version: 0. Error: ErrorCode=-1, errorMessage='Incorrect file descriptor.'
2022-11-03 19:14:27.799+0000 WARN  [o.n.k.i.t.l.f.LogFileChannelNativeAccessor] [system/00000000] Unable to advise sequential access for transaction log version: 0. Error: ErrorCode=-1, errorMessage='Incorrect file descriptor.'
2022-11-03 19:14:27.799+0000 WARN  [o.n.k.i.t.l.f.LogFileChannelNativeAccessor] [system/00000000] Unable to advise preserve data in cache for transaction log version: 0. Error: ErrorCode=-1, errorMessage='Incorrect file descriptor.'
2022-11-03 19:14:27.800+0000 WARN  [o.n.k.i.t.l.f.LogFileChannelNativeAccessor] [system/00000000] Unable to evict transaction log from cache with version: 0. Error: ErrorCode=-1, errorMessage='Incorrect file descriptor.'
2022-11-03 19:14:27.827+0000 INFO  [o.n.k.a.DatabaseAvailabilityGuard] [system/00000000] Fulfilling of requirement 'Database unavailable' makes database system available.
2022-11-03 19:14:27.828+0000 INFO  [o.n.k.a.DatabaseAvailabilityGuard] [system/00000000] DatabaseId{00000000[system]} is ready.
2022-11-03 19:14:28.047+0000 INFO  [o.n.k.i.a.i.IndexPopulationJob] [system/00000000] Index population started: [Index( id=2, name='index_f7700477', type='LOOKUP', schema=()-[:<any-types>]-(), indexProvider='token-lookup-1.0' )]
2022-11-03 19:14:28.113+0000 INFO  [o.n.k.i.a.i.IndexPopulationJob] [system/00000000] Index creation finished for index [Index( id=2, name='index_f7700477', type='LOOKUP', schema=()-[:<any-types>]-(), indexProvider='token-lookup-1.0' )].
2022-11-03 19:14:28.139+0000 INFO  [o.n.k.i.a.i.IndexPopulationJob] [system/00000000] Index population started: [Index( id=1, name='index_343aff4e', type='LOOKUP', schema=(:<any-labels>), indexProvider='token-lookup-1.0' )]
2022-11-03 19:14:28.173+0000 INFO  [o.n.k.i.a.i.IndexPopulationJob] [system/00000000] Index creation finished for index [Index( id=1, name='index_343aff4e', type='LOOKUP', schema=(:<any-labels>), indexProvider='token-lookup-1.0' )].
2022-11-03 19:14:28.283+0000 INFO  [o.n.k.i.a.i.IndexPopulationJob] [system/00000000] Index population started: [Index( id=3, name='constraint_798238d6', type='RANGE', schema=(:DatabaseName {name, namespace}), indexProvider='range-1.0' )]
2022-11-03 19:14:28.336+0000 INFO  [o.n.k.i.a.i.IndexPopulationJob] [system/00000000] Index creation finished for index [Index( id=3, name='constraint_798238d6', type='RANGE', schema=(:DatabaseName {name, namespace}), indexProvider='range-1.0' )].
2022-11-03 19:14:28.368+0000 INFO  [o.n.k.i.a.i.IndexPopulationJob] [system/00000000] Index population started: [Index( id=4, name='constraint_8014b60a', type='RANGE', schema=(:Database {name}), indexProvider='range-1.0' )]
2022-11-03 19:14:28.404+0000 INFO  [o.n.k.i.a.i.IndexPopulationJob] [system/00000000] Index creation finished for index [Index( id=4, name='constraint_8014b60a', type='RANGE', schema=(:Database {name}), indexProvider='range-1.0' )].
2022-11-03 19:14:28.444+0000 INFO  [o.n.k.i.a.i.IndexingService] [system/00000000] Constraint Index( id=3, name='constraint_798238d6', type='RANGE', schema=(:Label[1] {PropertyKey[11], PropertyKey[12]}), indexProvider='range-1.0' ) is ONLINE.
2022-11-03 19:14:28.445+0000 INFO  [o.n.k.i.a.i.IndexingService] [system/00000000] Constraint Index( id=4, name='constraint_8014b60a', type='RANGE', schema=(:Label[2] {PropertyKey[11]}), indexProvider='range-1.0' ) is ONLINE.
2022-11-03 19:14:28.614+0000 INFO  [o.n.k.i.a.i.IndexPopulationJob] [system/00000000] Index population started: [Index( id=7, name='constraint_5789ae3', type='RANGE', schema=(:User {name}), indexProvider='range-1.0' )]
2022-11-03 19:14:28.650+0000 INFO  [o.n.k.i.a.i.IndexPopulationJob] [system/00000000] Index creation finished for index [Index( id=7, name='constraint_5789ae3', type='RANGE', schema=(:User {name}), indexProvider='range-1.0' )].
2022-11-03 19:14:28.681+0000 INFO  [o.n.k.i.a.i.IndexPopulationJob] [system/00000000] Index population started: [Index( id=8, name='constraint_74fad970', type='RANGE', schema=(:User {id}), indexProvider='range-1.0' )]
2022-11-03 19:14:28.718+0000 INFO  [o.n.k.i.a.i.IndexPopulationJob] [system/00000000] Index creation finished for index [Index( id=8, name='constraint_74fad970', type='RANGE', schema=(:User {id}), indexProvider='range-1.0' )].
2022-11-03 19:14:28.738+0000 INFO  [o.n.k.i.a.i.IndexingService] [system/00000000] Constraint Index( id=7, name='constraint_5789ae3', type='RANGE', schema=(:Label[3] {PropertyKey[11]}), indexProvider='range-1.0' ) is ONLINE.
2022-11-03 19:14:28.738+0000 INFO  [o.n.k.i.a.i.IndexingService] [system/00000000] Constraint Index( id=8, name='constraint_74fad970', type='RANGE', schema=(:Label[3] {PropertyKey[25]}), indexProvider='range-1.0' ) is ONLINE.
2022-11-03 19:14:28.740+0000 INFO  [o.n.s.s.s.UserSecurityGraphComponent] Initializing system graph model for component 'security-users' with version -1 and status UNINITIALIZED
2022-11-03 19:14:28.745+0000 INFO  [o.n.s.s.s.UserSecurityGraphComponent] Setting up initial user from defaults: neo4j
2022-11-03 19:14:28.746+0000 INFO  [o.n.s.s.a.CommunitySecurityModule] CREATE USER neo4j PASSWORD ****** CHANGE REQUIRED
2022-11-03 19:14:28.765+0000 INFO  [o.n.s.s.s.UserSecurityGraphComponent] Setting version for 'security-users' to 4
2022-11-03 19:14:28.771+0000 INFO  [o.n.s.s.s.UserSecurityGraphComponent] After initialization of system graph model component 'security-users' have version 4 and status CURRENT
2022-11-03 19:14:28.779+0000 INFO  [o.n.s.s.s.UserSecurityGraphComponent] Performing postInitialization step for component 'security-users' with version 4 and status CURRENT
2022-11-03 19:14:28.782+0000 INFO  [o.n.d.d.DatabaseLifecycles] Creating 'DatabaseId{3284a20f[neo4j]}'.
2022-11-03 19:14:28.786+0000 INFO  [o.n.d.d.DatabaseLifecycles] Starting 'DatabaseId{3284a20f[neo4j]}'.
2022-11-03 19:14:28.803+0000 INFO  [o.n.k.i.s.f.RecordFormatSelector] [neo4j/3284a20f] Selected configured format for store /var/lib/neo4j/data/databases/neo4j: RecordFormat:PageAlignedV5_0[aligned-1.1]
2022-11-03 19:14:29.094+0000 INFO  [o.n.i.d.DiagnosticsManager] [neo4j/3284a20f] 
                                                                [neo4j/3284a20f] ********************************************************************************
                                                                [neo4j/3284a20f]                               [ Database: neo4j ]                               
                                                                [neo4j/3284a20f] ********************************************************************************
                                                                [neo4j/3284a20f] --------------------------------------------------------------------------------
                                                                [neo4j/3284a20f]                                   [ Version ]                                   
                                                                [neo4j/3284a20f] --------------------------------------------------------------------------------
                                                                [neo4j/3284a20f] DBMS: community record-aligned-1.1
                                                                [neo4j/3284a20f] Kernel version: 5.1.0
                                                                [neo4j/3284a20f] 
                                                                [neo4j/3284a20f] --------------------------------------------------------------------------------
                                                                [neo4j/3284a20f]                                 [ Store files ]                                 
                                                                [neo4j/3284a20f] --------------------------------------------------------------------------------
                                                                [neo4j/3284a20f] Disk space on partition (Total / Free / Free %): 1023438483456 / 43210383360 / 4
                                                                [neo4j/3284a20f] Storage files stored on file store: 9p
                                                                [neo4j/3284a20f] Storage files: (filename : modification date - size)
                                                                [neo4j/3284a20f]   neostore: 2022-11-03 19:14:29.027+0000 - 8.000KiB
                                                                [neo4j/3284a20f]   neostore.counts.db: 2022-11-03 19:14:29.037+0000 - 40.00KiB
                                                                [neo4j/3284a20f]   neostore.indexstats.db: 2022-11-03 19:14:29.057+0000 - 40.00KiB
                                                                [neo4j/3284a20f]   neostore.labeltokenstore.db: 2022-11-03 19:14:28.992+0000 - 0B
                                                                [neo4j/3284a20f]   neostore.labeltokenstore.db.id: 2022-11-03 19:14:28.988+0000 - 40.00KiB
                                                                [neo4j/3284a20f]   neostore.labeltokenstore.db.names: 2022-11-03 19:14:28.979+0000 - 8.000KiB
                                                                [neo4j/3284a20f]   neostore.labeltokenstore.db.names.id: 2022-11-03 19:14:28.973+0000 - 40.00KiB
                                                                [neo4j/3284a20f]   neostore.nodestore.db: 2022-11-03 19:14:28.836+0000 - 0B
                                                                [neo4j/3284a20f]   neostore.nodestore.db.id: 2022-11-03 19:14:28.831+0000 - 40.00KiB
                                                                [neo4j/3284a20f]   neostore.nodestore.db.labels: 2022-11-03 19:14:28.820+0000 - 8.000KiB
                                                                [neo4j/3284a20f]   neostore.nodestore.db.labels.id: 2022-11-03 19:14:28.814+0000 - 40.00KiB
                                                                [neo4j/3284a20f]   neostore.propertystore.db: 2022-11-03 19:14:28.925+0000 - 0B
                                                                [neo4j/3284a20f]   neostore.propertystore.db.arrays: 2022-11-03 19:14:28.904+0000 - 8.000KiB
                                                                [neo4j/3284a20f]   neostore.propertystore.db.arrays.id: 2022-11-03 19:14:28.899+0000 - 40.00KiB
                                                                [neo4j/3284a20f]   neostore.propertystore.db.id: 2022-11-03 19:14:28.921+0000 - 40.00KiB
                                                                [neo4j/3284a20f]   neostore.propertystore.db.index: 2022-11-03 19:14:28.869+0000 - 0B
                                                                [neo4j/3284a20f]   neostore.propertystore.db.index.id: 2022-11-03 19:14:28.865+0000 - 40.00KiB
                                                                [neo4j/3284a20f]   neostore.propertystore.db.index.keys: 2022-11-03 19:14:28.851+0000 - 8.000KiB
                                                                [neo4j/3284a20f]   neostore.propertystore.db.index.keys.id: 2022-11-03 19:14:28.844+0000 - 40.00KiB
                                                                [neo4j/3284a20f]   neostore.propertystore.db.strings: 2022-11-03 19:14:28.885+0000 - 8.000KiB
                                                                [neo4j/3284a20f]   neostore.propertystore.db.strings.id: 2022-11-03 19:14:28.879+0000 - 40.00KiB
                                                                [neo4j/3284a20f]   neostore.relationshipgroupstore.db: 2022-11-03 19:14:29.022+0000 - 8.000KiB
                                                                [neo4j/3284a20f]   neostore.relationshipgroupstore.db.id: 2022-11-03 19:14:29.016+0000 - 40.00KiB
                                                                [neo4j/3284a20f]   neostore.relationshipgroupstore.degrees.db: 2022-11-03 19:14:29.046+0000 - 40.00KiB
                                                                [neo4j/3284a20f]   neostore.relationshipstore.db: 2022-11-03 19:14:28.938+0000 - 0B
                                                                [neo4j/3284a20f]   neostore.relationshipstore.db.id: 2022-11-03 19:14:28.934+0000 - 40.00KiB
                                                                [neo4j/3284a20f]   neostore.relationshiptypestore.db: 2022-11-03 19:14:28.965+0000 - 0B
                                                                [neo4j/3284a20f]   neostore.relationshiptypestore.db.id: 2022-11-03 19:14:28.961+0000 - 40.00KiB
                                                                [neo4j/3284a20f]   neostore.relationshiptypestore.db.names: 2022-11-03 19:14:28.951+0000 - 8.000KiB
                                                                [neo4j/3284a20f]   neostore.relationshiptypestore.db.names.id: 2022-11-03 19:14:28.946+0000 - 40.00KiB
                                                                [neo4j/3284a20f]   neostore.schemastore.db: 2022-11-03 19:14:29.007+0000 - 8.000KiB
                                                                [neo4j/3284a20f]   neostore.schemastore.db.id: 2022-11-03 19:14:29.000+0000 - 40.00KiB
                                                                [neo4j/3284a20f] Storage summary: 
                                                                [neo4j/3284a20f]   Total size of store: 752.0KiB
                                                                [neo4j/3284a20f]   Total size of mapped files: 72.00KiB
                                                                [neo4j/3284a20f] 
                                                                [neo4j/3284a20f] --------------------------------------------------------------------------------
                                                                [neo4j/3284a20f]                               [ Transaction log ]                               
                                                                [neo4j/3284a20f] --------------------------------------------------------------------------------
                                                                [neo4j/3284a20f] Transaction log files stored on file store: 9p
                                                                [neo4j/3284a20f] Transaction log files:
                                                                [neo4j/3284a20f]  - existing transaction log versions -1--1
                                                                [neo4j/3284a20f]  - no transactions found
                                                                [neo4j/3284a20f] Checkpoint log files:
                                                                [neo4j/3284a20f]  - existing checkpoint log versions -1--1
                                                                [neo4j/3284a20f]  - no checkpoints found
                                                                [neo4j/3284a20f] 
                                                                [neo4j/3284a20f] --------------------------------------------------------------------------------
                                                                [neo4j/3284a20f]                                   [ Id usage ]                                  
                                                                [neo4j/3284a20f] --------------------------------------------------------------------------------
                                                                [neo4j/3284a20f] ArrayPropertyStore[neostore.nodestore.db.labels]: used=1 high=0
                                                                [neo4j/3284a20f] NodeStore[neostore.nodestore.db]: used=0 high=-1
                                                                [neo4j/3284a20f] StringPropertyStore[neostore.propertystore.db.index.keys]: used=1 high=0
                                                                [neo4j/3284a20f] PropertyIndexStore[neostore.propertystore.db.index]: used=0 high=-1
                                                                [neo4j/3284a20f] StringPropertyStore[neostore.propertystore.db.strings]: used=1 high=0
                                                                [neo4j/3284a20f] ArrayPropertyStore[neostore.propertystore.db.arrays]: used=1 high=0
                                                                [neo4j/3284a20f] PropertyStore[neostore.propertystore.db]: used=0 high=-1
                                                                [neo4j/3284a20f] RelationshipStore[neostore.relationshipstore.db]: used=0 high=-1
                                                                [neo4j/3284a20f] StringPropertyStore[neostore.relationshiptypestore.db.names]: used=1 high=0
                                                                [neo4j/3284a20f] RelationshipTypeStore[neostore.relationshiptypestore.db]: used=0 high=-1
                                                                [neo4j/3284a20f] StringPropertyStore[neostore.labeltokenstore.db.names]: used=1 high=0
                                                                [neo4j/3284a20f] LabelTokenStore[neostore.labeltokenstore.db]: used=0 high=-1
                                                                [neo4j/3284a20f] SchemaStore[neostore.schemastore.db]: used=1 high=0
                                                                [neo4j/3284a20f] RelationshipGroupStore[neostore.relationshipgroupstore.db]: used=1 high=0
                                                                [neo4j/3284a20f] NeoStore[neostore]: used=-1 high=-1
                                                                [neo4j/3284a20f] 
                                                                [neo4j/3284a20f] --------------------------------------------------------------------------------
                                                                [neo4j/3284a20f]                                   [ Metadata ]                                  
                                                                [neo4j/3284a20f] --------------------------------------------------------------------------------
                                                                [neo4j/3284a20f] EXTERNAL_STORE_UUID (Database identifier exposed as external store identity. Generated on creation and never updated): e257183f-28f7-4fe9-99b4-d14a561f73af
                                                                [neo4j/3284a20f] DATABASE_ID (The last used DatabaseId for this database): null
                                                                [neo4j/3284a20f] LEGACY_STORE_VERSION (Legacy store format version. This field is used from 5.0 onwards only to distinguish non-migrated pre 5.0 metadata stores.): -3523014627327384477
                                                                [neo4j/3284a20f] STORE_ID (Store ID): StoreId{creationTime=1667502869028, random=-3240537517053539778, storageEngineName='record', formatName='aligned', majorVersion=1, minorVersion=1}
                                                                [neo4j/3284a20f] 
2022-11-03 19:14:29.101+0000 INFO  [o.n.k.a.DatabaseAvailabilityGuard] [neo4j/3284a20f] Requirement `Database unavailable` makes database neo4j unavailable.
2022-11-03 19:14:29.101+0000 INFO  [o.n.k.a.DatabaseAvailabilityGuard] [neo4j/3284a20f] DatabaseId{3284a20f[neo4j]} is unavailable.
2022-11-03 19:14:29.106+0000 WARN  [o.n.k.i.s.MetaDataStore] [neo4j/3284a20f] Missing counts store, rebuilding it.
2022-11-03 19:14:29.106+0000 WARN  [o.n.k.i.s.MetaDataStore] [neo4j/3284a20f] Counts store rebuild completed.
2022-11-03 19:14:29.108+0000 WARN  [o.n.k.i.t.l.f.LogFileChannelNativeAccessor] [neo4j/3284a20f] Error on attempt to preallocate log file version: 0. Error: ErrorCode=-1, errorMessage='Incorrect file descriptor.'
2022-11-03 19:14:29.115+0000 INFO  [o.n.k.d.Database] [neo4j/3284a20f] Starting transaction log [/var/lib/neo4j/data/transactions/neo4j/neostore.transaction.db.0] at version=0
2022-11-03 19:14:29.118+0000 WARN  [o.n.k.i.t.l.f.c.CheckpointFileChannelNativeAccessor] [neo4j/3284a20f] Error on attempt to preallocate log file version: 0. Error: ErrorCode=-1, errorMessage='Incorrect file descriptor.'
2022-11-03 19:14:29.125+0000 INFO  [o.n.k.d.Database] [neo4j/3284a20f] Starting transaction log [/var/lib/neo4j/data/transactions/neo4j/checkpoint.0] at version=0
2022-11-03 19:14:29.133+0000 WARN  [o.n.k.i.t.l.f.c.CheckpointFileChannelNativeAccessor] [neo4j/3284a20f] Unable to advise sequential access for transaction log version: 0. Error: ErrorCode=-1, errorMessage='Incorrect file descriptor.'
2022-11-03 19:14:29.134+0000 WARN  [o.n.k.i.t.l.f.c.CheckpointFileChannelNativeAccessor] [neo4j/3284a20f] Unable to advise preserve data in cache for transaction log version: 0. Error: ErrorCode=-1, errorMessage='Incorrect file descriptor.'
2022-11-03 19:14:29.134+0000 INFO  [o.n.k.i.t.l.f.c.CheckpointLogFile] [neo4j/3284a20f] Scanning log file with version 0 for checkpoint entries
2022-11-03 19:14:29.135+0000 WARN  [o.n.k.i.t.l.f.c.CheckpointFileChannelNativeAccessor] [neo4j/3284a20f] Unable to evict transaction log from cache with version: 0. Error: ErrorCode=-1, errorMessage='Incorrect file descriptor.'
2022-11-03 19:14:29.137+0000 WARN  [o.n.k.i.t.l.f.LogFileChannelNativeAccessor] [neo4j/3284a20f] Unable to advise sequential access for transaction log version: 0. Error: ErrorCode=-1, errorMessage='Incorrect file descriptor.'
2022-11-03 19:14:29.138+0000 WARN  [o.n.k.i.t.l.f.LogFileChannelNativeAccessor] [neo4j/3284a20f] Unable to advise preserve data in cache for transaction log version: 0. Error: ErrorCode=-1, errorMessage='Incorrect file descriptor.'
2022-11-03 19:14:29.138+0000 WARN  [o.n.k.i.t.l.f.LogFileChannelNativeAccessor] [neo4j/3284a20f] Unable to evict transaction log from cache with version: 0. Error: ErrorCode=-1, errorMessage='Incorrect file descriptor.'
2022-11-03 19:14:29.141+0000 WARN  [o.n.k.i.t.l.f.LogFileChannelNativeAccessor] [neo4j/3284a20f] Unable to advise sequential access for transaction log version: 0. Error: ErrorCode=-1, errorMessage='Incorrect file descriptor.'
2022-11-03 19:14:29.142+0000 WARN  [o.n.k.i.t.l.f.LogFileChannelNativeAccessor] [neo4j/3284a20f] Unable to advise preserve data in cache for transaction log version: 0. Error: ErrorCode=-1, errorMessage='Incorrect file descriptor.'
2022-11-03 19:14:29.142+0000 WARN  [o.n.k.i.t.l.f.LogFileChannelNativeAccessor] [neo4j/3284a20f] Unable to evict transaction log from cache with version: 0. Error: ErrorCode=-1, errorMessage='Incorrect file descriptor.'
2022-11-03 19:14:29.143+0000 INFO  [o.n.k.a.DatabaseAvailabilityGuard] [neo4j/3284a20f] Fulfilling of requirement 'Database unavailable' makes database neo4j available.
2022-11-03 19:14:29.144+0000 INFO  [o.n.k.a.DatabaseAvailabilityGuard] [neo4j/3284a20f] DatabaseId{3284a20f[neo4j]} is ready.
2022-11-03 19:14:29.156+0000 INFO  [o.n.k.i.a.i.IndexPopulationJob] [neo4j/3284a20f] Index population started: [Index( id=2, name='index_f7700477', type='LOOKUP', schema=()-[:<any-types>]-(), indexProvider='token-lookup-1.0' )]
2022-11-03 19:14:29.195+0000 INFO  [o.n.k.i.a.i.IndexPopulationJob] [neo4j/3284a20f] Index creation finished for index [Index( id=2, name='index_f7700477', type='LOOKUP', schema=()-[:<any-types>]-(), indexProvider='token-lookup-1.0' )].
2022-11-03 19:14:29.217+0000 INFO  [o.n.k.i.a.i.IndexPopulationJob] [neo4j/3284a20f] Index population started: [Index( id=1, name='index_343aff4e', type='LOOKUP', schema=(:<any-labels>), indexProvider='token-lookup-1.0' )]
2022-11-03 19:14:29.243+0000 INFO  [o.n.k.i.a.i.IndexPopulationJob] [neo4j/3284a20f] Index creation finished for index [Index( id=1, name='index_343aff4e', type='LOOKUP', schema=(:<any-labels>), indexProvider='token-lookup-1.0' )].
2022-11-03 19:14:29.289+0000 INFO  [o.n.b.p.c.c.n.SocketNettyConnector] Bolt enabled on 0.0.0.0:7687.
2022-11-03 19:14:29.289+0000 INFO  [o.n.b.BoltServer] Bolt server started
2022-11-03 19:14:29.290+0000 INFO  [o.n.s.A.ServerComponentsLifecycleAdapter] Starting web server
2022-11-03 19:14:29.790+0000 INFO  [o.n.s.CommunityNeoWebServer] Remote interface available at http://localhost:7474/
2022-11-03 19:14:29.790+0000 INFO  [o.n.s.A.ServerComponentsLifecycleAdapter] Web server started.
2022-11-03 19:14:29.794+0000 INFO  [o.n.g.f.DatabaseManagementServiceFactory] id: 5CBF333570F8B846ECCB9F302EF0F034073E8DF29A560AC865D3FDEADB64D53E
2022-11-03 19:14:29.795+0000 INFO  [o.n.g.f.DatabaseManagementServiceFactory] name: system
2022-11-03 19:14:29.796+0000 INFO  [o.n.g.f.DatabaseManagementServiceFactory] creationDate: 2022-11-03T19:14:27.486Z
